{"level":"info","message":"MongoDB connected to mongodb://localhost:27017/gamehaven-test","timestamp":"2025-06-07T16:28:27.569Z"}
{"level":"info","message":"MongoDB connected to mongodb://localhost:27017/gamehaven-test","timestamp":"2025-06-07T16:28:27.575Z"}
{"level":"info","message":"MongoDB connected to mongodb://localhost:27017/gamehaven-test","timestamp":"2025-06-07T16:28:27.594Z"}
{"level":"info","message":"MongoDB disconnected","timestamp":"2025-06-07T16:28:27.936Z"}
{"level":"info","message":"MongoDB disconnected","timestamp":"2025-06-07T16:28:28.017Z"}
{"level":"info","message":"MongoDB disconnected","timestamp":"2025-06-07T16:28:33.005Z"}
{"level":"info","message":"MongoDB connected to mongodb://localhost:27017/gamehaven-test","timestamp":"2025-06-07T16:31:46.006Z"}
{"level":"info","message":"MongoDB connected to mongodb://localhost:27017/gamehaven-test","timestamp":"2025-06-07T16:31:46.010Z"}
{"level":"info","message":"MongoDB disconnected","timestamp":"2025-06-07T16:31:46.462Z"}
{"level":"info","message":"MongoDB disconnected","timestamp":"2025-06-07T16:31:46.829Z"}
{"level":"info","message":"MongoDB connected to mongodb://localhost:27017/gamehaven-test","timestamp":"2025-06-07T16:33:11.097Z"}
{"level":"info","message":"MongoDB disconnected","timestamp":"2025-06-07T16:33:11.508Z"}
{"level":"info","message":"MongoDB connected to mongodb://localhost:27017/gamehaven-test","timestamp":"2025-06-07T16:33:11.512Z"}
{"level":"info","message":"MongoDB disconnected","timestamp":"2025-06-07T16:33:12.237Z"}
{"level":"info","message":"MongoDB connected to mongodb://localhost:27017/gamehaven-test","timestamp":"2025-06-07T16:34:02.486Z"}
{"level":"info","message":"MongoDB connected to mongodb://localhost:27017/gamehaven-test","timestamp":"2025-06-07T16:34:02.864Z"}
{"level":"info","message":"MongoDB disconnected","timestamp":"2025-06-07T16:34:02.880Z"}
{"level":"info","message":"MongoDB disconnected","timestamp":"2025-06-07T16:34:03.487Z"}
{"level":"info","message":"MongoDB connected to mongodb://localhost:27017/gamehaven","timestamp":"2025-06-07T16:38:55.833Z"}
{"level":"info","message":"Server running on port 3000","timestamp":"2025-06-07T16:38:55.839Z"}
{"level":"info","message":"MongoDB connected to mongodb://localhost:27017/gamehaven","timestamp":"2025-06-07T16:44:16.309Z"}
{"level":"info","message":"Server running on port 3000","timestamp":"2025-06-07T16:44:16.315Z"}
{"level":"info","message":"MongoDB connected to mongodb://localhost:27017/gamehaven","timestamp":"2025-06-07T16:51:04.620Z"}
{"level":"info","message":"MongoDB connected to mongodb://localhost:27017/gamehaven","timestamp":"2025-06-07T17:36:56.036Z"}
{"level":"info","message":"MongoDB connected to mongodb://localhost:27017/gamehaven","timestamp":"2025-06-07T17:36:57.331Z"}
{"level":"info","message":"MongoDB connected to mongodb://localhost:27017/gamehaven","timestamp":"2025-06-07T17:37:07.529Z"}
{"level":"info","message":"MongoDB connected to mongodb://localhost:27017/gamehaven","timestamp":"2025-06-07T17:37:26.982Z"}
{"level":"info","message":"MongoDB connected to mongodb://localhost:27017/gamehaven","timestamp":"2025-06-07T17:38:20.241Z"}
{"level":"info","message":"MongoDB connected to mongodb://localhost:27017/gamehaven","timestamp":"2025-06-07T17:38:23.452Z"}
{"level":"info","message":"MongoDB connected to mongodb://localhost:27017/gamehaven","timestamp":"2025-06-07T17:38:26.221Z"}
{"level":"info","message":"MongoDB connected to mongodb://localhost:27017/gamehaven","timestamp":"2025-06-07T17:38:31.235Z"}
{"level":"info","message":"MongoDB connected to mongodb://localhost:27017/gamehaven","timestamp":"2025-06-07T17:38:35.850Z"}
{"level":"info","message":"MongoDB connected to mongodb://localhost:27017/gamehaven","timestamp":"2025-06-07T17:47:59.570Z"}
{"level":"info","message":"MongoDB connected to mongodb://localhost:27017/gamehaven","timestamp":"2025-06-07T17:52:57.608Z"}
{"level":"info","message":"MongoDB connected to mongodb://localhost:27017/gamehaven","timestamp":"2025-06-07T17:53:32.433Z"}
{"level":"info","message":"MongoDB connected to mongodb://localhost:27017/gamehaven","timestamp":"2025-06-07T17:53:35.451Z"}
{"level":"info","message":"MongoDB connected to mongodb://localhost:27017/gamehaven","timestamp":"2025-06-07T17:53:38.596Z"}
{"level":"info","message":"MongoDB connected to mongodb://localhost:27017/gamehaven","timestamp":"2025-06-07T17:55:15.443Z"}
{"level":"info","message":"MongoDB connected to mongodb://localhost:27017/gamehaven","timestamp":"2025-06-07T17:55:18.162Z"}
{"level":"info","message":"MongoDB connected to mongodb://localhost:27017/gamehaven","timestamp":"2025-06-07T17:55:21.862Z"}
{"level":"info","message":"MongoDB connected to mongodb://localhost:27017/gamehaven","timestamp":"2025-06-07T17:55:26.183Z"}
{"level":"info","message":"MongoDB connected to mongodb://localhost:27017/gamehaven","timestamp":"2025-06-07T17:55:35.032Z"}
{"level":"info","message":"MongoDB connected to mongodb://localhost:27017/gamehaven","timestamp":"2025-06-07T17:55:40.394Z"}
{"level":"info","message":"MongoDB connected to mongodb://localhost:27017/gamehaven","timestamp":"2025-06-07T17:55:44.524Z"}
{"level":"info","message":"MongoDB connected to mongodb://localhost:27017/gamehaven","timestamp":"2025-06-07T17:55:47.453Z"}
{"level":"info","message":"MongoDB connected to mongodb://localhost:27017/gamehaven","timestamp":"2025-06-07T17:56:02.424Z"}
{"level":"info","message":"MongoDB connected to mongodb://localhost:27017/gamehaven","timestamp":"2025-06-07T17:57:18.314Z"}
{"level":"info","message":"MongoDB connected to mongodb://localhost:27017/gamehaven","timestamp":"2025-06-07T17:57:35.758Z"}
{"level":"info","message":"MongoDB connected to mongodb://localhost:27017/gamehaven","timestamp":"2025-06-07T17:57:38.041Z"}
{"level":"info","message":"MongoDB connected to mongodb://localhost:27017/gamehaven","timestamp":"2025-06-07T17:57:40.937Z"}
{"level":"info","message":"MongoDB connected to mongodb://localhost:27017/gamehaven","timestamp":"2025-06-07T17:58:04.879Z"}
{"level":"info","message":"MongoDB connected to mongodb://localhost:27017/gamehaven","timestamp":"2025-06-07T17:58:08.294Z"}
{"level":"info","message":"MongoDB connected to mongodb://localhost:27017/gamehaven","timestamp":"2025-06-07T17:58:14.483Z"}
{"level":"info","message":"MongoDB connected to mongodb://localhost:27017/gamehaven","timestamp":"2025-06-07T17:58:20.094Z"}
{"level":"info","message":"MongoDB connected to mongodb://localhost:27017/gamehaven","timestamp":"2025-06-07T17:58:41.948Z"}
{"level":"info","message":"MongoDB connected to mongodb://localhost:27017/gamehaven","timestamp":"2025-06-07T17:59:28.987Z"}
{"level":"info","message":"MongoDB connected to mongodb://localhost:27017/gamehaven","timestamp":"2025-06-07T17:59:35.646Z"}
{"level":"info","message":"MongoDB connected to mongodb://localhost:27017/gamehaven","timestamp":"2025-06-07T18:00:19.574Z"}
{"level":"info","message":"MongoDB connected to mongodb://localhost:27017/gamehaven","timestamp":"2025-06-07T18:03:05.794Z"}
{"level":"info","message":"MongoDB connected to mongodb://localhost:27017/gamehaven","timestamp":"2025-06-07T18:03:11.298Z"}
{"level":"info","message":"MongoDB connected to mongodb://localhost:27017/gamehaven","timestamp":"2025-06-07T18:03:16.018Z"}
{"level":"info","message":"MongoDB connected to mongodb://localhost:27017/gamehaven","timestamp":"2025-06-07T18:03:21.939Z"}
{"level":"info","message":"MongoDB connected to mongodb://localhost:27017/gamehaven","timestamp":"2025-06-07T18:11:33.510Z"}
{"level":"info","message":"MongoDB connected to mongodb://localhost:27017/gamehaven","timestamp":"2025-06-07T18:14:51.546Z"}
{"level":"info","message":"MongoDB connected to mongodb://localhost:27017/gamehaven","timestamp":"2025-06-07T18:14:57.699Z"}
{"level":"info","message":"MongoDB connected to mongodb://localhost:27017/gamehaven","timestamp":"2025-06-07T18:15:00.702Z"}
{"level":"info","message":"MongoDB connected to mongodb://localhost:27017/gamehaven","timestamp":"2025-06-07T18:15:05.426Z"}
{"level":"info","message":"MongoDB connected to mongodb://localhost:27017/gamehaven","timestamp":"2025-06-07T18:20:23.958Z"}
{"level":"info","message":"MongoDB connected to mongodb://localhost:27017/gamehaven","timestamp":"2025-06-07T18:20:28.105Z"}
{"level":"info","message":"MongoDB connected to mongodb://localhost:27017/gamehaven","timestamp":"2025-06-07T18:20:50.085Z"}
{"level":"info","message":"MongoDB connected to mongodb://localhost:27017/gamehaven","timestamp":"2025-06-07T18:24:56.482Z"}
{"level":"info","message":"MongoDB connected to mongodb://localhost:27017/gamehaven","timestamp":"2025-06-07T18:25:00.701Z"}
{"level":"info","message":"MongoDB connected to mongodb://localhost:27017/gamehaven","timestamp":"2025-06-07T18:25:26.898Z"}
{"level":"info","message":"MongoDB connected to mongodb://localhost:27017/gamehaven","timestamp":"2025-06-07T18:33:18.667Z"}
{"level":"info","message":"MongoDB connected to mongodb://localhost:27017/gamehaven","timestamp":"2025-06-07T18:33:49.164Z"}
{"level":"info","message":"MongoDB connected to mongodb://localhost:27017/gamehaven","timestamp":"2025-06-07T18:43:45.074Z"}
{"level":"info","message":"MongoDB connected to mongodb://localhost:27017/gamehaven","timestamp":"2025-06-07T18:43:48.585Z"}
{"level":"info","message":"MongoDB connected to mongodb://localhost:27017/gamehaven","timestamp":"2025-06-07T18:44:28.232Z"}
{"level":"info","message":"MongoDB connected to mongodb://localhost:27017/gamehaven","timestamp":"2025-06-07T18:51:13.788Z"}
{"level":"info","message":"MongoDB connected to mongodb://localhost:27017/gamehaven","timestamp":"2025-06-07T18:51:15.149Z"}
{"level":"info","message":"MongoDB connected to mongodb://localhost:27017/gamehaven","timestamp":"2025-06-07T18:51:17.270Z"}
{"level":"info","message":"MongoDB connected to mongodb://localhost:27017/gamehaven","timestamp":"2025-06-07T18:51:48.737Z"}
{"level":"info","message":"MongoDB connected to mongodb://localhost:27017/gamehaven","timestamp":"2025-06-07T18:51:57.370Z"}
{"level":"info","message":"MongoDB connected to mongodb://localhost:27017/gamehaven","timestamp":"2025-06-07T18:51:58.962Z"}
{"level":"info","message":"MongoDB connected to mongodb://localhost:27017/gamehaven","timestamp":"2025-06-07T18:52:00.194Z"}
{"level":"info","message":"MongoDB connected to mongodb://localhost:27017/gamehaven","timestamp":"2025-06-07T18:52:02.711Z"}
{"level":"info","message":"MongoDB connected to mongodb://localhost:27017/gamehaven","timestamp":"2025-06-07T18:52:03.886Z"}
{"level":"info","message":"MongoDB connected to mongodb://localhost:27017/gamehaven","timestamp":"2025-06-07T18:52:13.831Z"}
{"level":"info","message":"MongoDB connected to mongodb://localhost:27017/gamehaven","timestamp":"2025-06-07T18:52:27.838Z"}
{"level":"info","message":"MongoDB connected to mongodb://localhost:27017/gamehaven","timestamp":"2025-06-07T18:52:33.473Z"}
{"level":"info","message":"MongoDB connected to mongodb://localhost:27017/gamehaven","timestamp":"2025-06-07T18:53:06.333Z"}
{"level":"info","message":"MongoDB connected to mongodb://localhost:27017/gamehaven","timestamp":"2025-06-07T18:53:30.642Z"}
{"level":"info","message":"MongoDB connected to mongodb://localhost:27017/gamehaven","timestamp":"2025-06-07T18:53:32.992Z"}
{"cause":{"commonWireVersion":0,"compatible":true,"heartbeatFrequencyMS":10000,"localThresholdMS":15,"logicalSessionTimeoutMinutes":null,"maxElectionId":null,"maxSetVersion":null,"servers":{"localhost:27017":{"$clusterTime":null,"address":"localhost:27017","arbiters":[],"electionId":null,"error":{"beforeHandshake":false,"errorLabelSet":{}},"hosts":[],"iscryptd":false,"lastUpdateTime":1508743,"lastWriteDate":0,"logicalSessionTimeoutMinutes":null,"maxBsonObjectSize":null,"maxMessageSizeBytes":null,"maxWireVersion":0,"maxWriteBatchSize":null,"me":null,"minRoundTripTime":0,"minWireVersion":0,"passives":[],"primary":null,"roundTripTime":-1,"setName":null,"setVersion":null,"tags":{},"topologyVersion":null,"type":"Unknown"}},"setName":null,"stale":false,"type":"Unknown"},"errorLabelSet":{},"level":"error","message":"Database connection failed: connect ECONNREFUSED ::1:27017, connect ECONNREFUSED 127.0.0.1:27017","reason":{"commonWireVersion":0,"compatible":true,"heartbeatFrequencyMS":10000,"localThresholdMS":15,"logicalSessionTimeoutMinutes":null,"maxElectionId":null,"maxSetVersion":null,"servers":{"localhost:27017":{"$clusterTime":null,"address":"localhost:27017","arbiters":[],"electionId":null,"error":{"beforeHandshake":false,"errorLabelSet":{}},"hosts":[],"iscryptd":false,"lastUpdateTime":1508743,"lastWriteDate":0,"logicalSessionTimeoutMinutes":null,"maxBsonObjectSize":null,"maxMessageSizeBytes":null,"maxWireVersion":0,"maxWriteBatchSize":null,"me":null,"minRoundTripTime":0,"minWireVersion":0,"passives":[],"primary":null,"roundTripTime":-1,"setName":null,"setVersion":null,"tags":{},"topologyVersion":null,"type":"Unknown"}},"setName":null,"stale":false,"type":"Unknown"},"stack":"MongooseServerSelectionError: connect ECONNREFUSED ::1:27017, connect ECONNREFUSED 127.0.0.1:27017\n    at _handleConnectionErrors (D:\\GameHaven- RestAPI Nodejs\\gamehaven-api\\node_modules\\mongoose\\lib\\connection.js:1165:11)\n    at NativeConnection.openUri (D:\\GameHaven- RestAPI Nodejs\\gamehaven-api\\node_modules\\mongoose\\lib\\connection.js:1096:11)\n    at async connectDB (D:\\GameHaven- RestAPI Nodejs\\gamehaven-api\\src\\config\\db.js:8:5)","timestamp":"2025-06-07T19:40:17.218Z"}
{"cause":{"commonWireVersion":0,"compatible":true,"heartbeatFrequencyMS":10000,"localThresholdMS":15,"logicalSessionTimeoutMinutes":null,"maxElectionId":null,"maxSetVersion":null,"servers":{"localhost:27017":{"$clusterTime":null,"address":"localhost:27017","arbiters":[],"electionId":null,"error":{"beforeHandshake":false,"errorLabelSet":{}},"hosts":[],"iscryptd":false,"lastUpdateTime":1963501,"lastWriteDate":0,"logicalSessionTimeoutMinutes":null,"maxBsonObjectSize":null,"maxMessageSizeBytes":null,"maxWireVersion":0,"maxWriteBatchSize":null,"me":null,"minRoundTripTime":0,"minWireVersion":0,"passives":[],"primary":null,"roundTripTime":-1,"setName":null,"setVersion":null,"tags":{},"topologyVersion":null,"type":"Unknown"}},"setName":null,"stale":false,"type":"Unknown"},"errorLabelSet":{},"level":"error","message":"Database connection failed: connect ECONNREFUSED ::1:27017, connect ECONNREFUSED 127.0.0.1:27017","reason":{"commonWireVersion":0,"compatible":true,"heartbeatFrequencyMS":10000,"localThresholdMS":15,"logicalSessionTimeoutMinutes":null,"maxElectionId":null,"maxSetVersion":null,"servers":{"localhost:27017":{"$clusterTime":null,"address":"localhost:27017","arbiters":[],"electionId":null,"error":{"beforeHandshake":false,"errorLabelSet":{}},"hosts":[],"iscryptd":false,"lastUpdateTime":1963501,"lastWriteDate":0,"logicalSessionTimeoutMinutes":null,"maxBsonObjectSize":null,"maxMessageSizeBytes":null,"maxWireVersion":0,"maxWriteBatchSize":null,"me":null,"minRoundTripTime":0,"minWireVersion":0,"passives":[],"primary":null,"roundTripTime":-1,"setName":null,"setVersion":null,"tags":{},"topologyVersion":null,"type":"Unknown"}},"setName":null,"stale":false,"type":"Unknown"},"stack":"MongooseServerSelectionError: connect ECONNREFUSED ::1:27017, connect ECONNREFUSED 127.0.0.1:27017\n    at _handleConnectionErrors (D:\\GameHaven- RestAPI Nodejs\\gamehaven-api\\node_modules\\mongoose\\lib\\connection.js:1165:11)\n    at NativeConnection.openUri (D:\\GameHaven- RestAPI Nodejs\\gamehaven-api\\node_modules\\mongoose\\lib\\connection.js:1096:11)\n    at runNextTicks (node:internal/process/task_queues:65:5)\n    at process.processTimers (node:internal/timers:520:9)\n    at async connectDB (D:\\GameHaven- RestAPI Nodejs\\gamehaven-api\\src\\config\\db.js:8:5)","timestamp":"2025-06-07T19:47:52.121Z"}
{"level":"info","message":"MongoDB connected to mongodb://localhost:27017/gamehaven","timestamp":"2025-06-07T19:53:33.901Z"}
{"level":"info","message":"MongoDB connected to mongodb://localhost:27017/gamehaven","timestamp":"2025-06-07T20:00:09.187Z"}
{"level":"info","message":"MongoDB connected to mongodb://localhost:27017/gamehaven","timestamp":"2025-06-07T20:00:12.252Z"}
{"level":"info","message":"MongoDB connected to mongodb://localhost:27017/gamehaven","timestamp":"2025-06-07T20:00:15.156Z"}
{"level":"info","message":"MongoDB connected to mongodb://localhost:27017/gamehaven","timestamp":"2025-06-07T20:00:21.422Z"}
{"level":"info","message":"MongoDB connected to mongodb://localhost:27017/gamehaven","timestamp":"2025-06-07T20:01:30.747Z"}
{"level":"info","message":"MongoDB connected to mongodb://localhost:27017/gamehaven","timestamp":"2025-06-07T20:08:21.412Z"}
{"level":"info","message":"MongoDB connected to mongodb://localhost:27017/gamehaven","timestamp":"2025-06-07T20:08:33.394Z"}
{"level":"info","message":"MongoDB connected to mongodb://localhost:27017/gamehaven","timestamp":"2025-06-07T20:08:42.075Z"}
{"level":"info","message":"MongoDB connected to mongodb://localhost:27017/gamehaven","timestamp":"2025-06-07T20:08:51.450Z"}
{"level":"info","message":"MongoDB connected to mongodb://localhost:27017/gamehaven","timestamp":"2025-06-07T20:11:13.745Z"}
{"cause":{"commonWireVersion":0,"compatible":true,"heartbeatFrequencyMS":10000,"localThresholdMS":15,"logicalSessionTimeoutMinutes":null,"maxElectionId":null,"maxSetVersion":null,"servers":{"localhost:27017":{"$clusterTime":null,"address":"localhost:27017","arbiters":[],"electionId":null,"error":{"beforeHandshake":false,"errorLabelSet":{}},"hosts":[],"iscryptd":false,"lastUpdateTime":121705494,"lastWriteDate":0,"logicalSessionTimeoutMinutes":null,"maxBsonObjectSize":null,"maxMessageSizeBytes":null,"maxWireVersion":0,"maxWriteBatchSize":null,"me":null,"minRoundTripTime":0,"minWireVersion":0,"passives":[],"primary":null,"roundTripTime":-1,"setName":null,"setVersion":null,"tags":{},"topologyVersion":null,"type":"Unknown"}},"setName":null,"stale":false,"type":"Unknown"},"errorLabelSet":{},"level":"error","message":"Database connection failed: connect ECONNREFUSED ::1:27017, connect ECONNREFUSED 127.0.0.1:27017","reason":{"commonWireVersion":0,"compatible":true,"heartbeatFrequencyMS":10000,"localThresholdMS":15,"logicalSessionTimeoutMinutes":null,"maxElectionId":null,"maxSetVersion":null,"servers":{"localhost:27017":{"$clusterTime":null,"address":"localhost:27017","arbiters":[],"electionId":null,"error":{"beforeHandshake":false,"errorLabelSet":{}},"hosts":[],"iscryptd":false,"lastUpdateTime":121705494,"lastWriteDate":0,"logicalSessionTimeoutMinutes":null,"maxBsonObjectSize":null,"maxMessageSizeBytes":null,"maxWireVersion":0,"maxWriteBatchSize":null,"me":null,"minRoundTripTime":0,"minWireVersion":0,"passives":[],"primary":null,"roundTripTime":-1,"setName":null,"setVersion":null,"tags":{},"topologyVersion":null,"type":"Unknown"}},"setName":null,"stale":false,"type":"Unknown"},"stack":"MongooseServerSelectionError: connect ECONNREFUSED ::1:27017, connect ECONNREFUSED 127.0.0.1:27017\n    at _handleConnectionErrors (D:\\Gamehaven-Nodejs\\gamehaven-api\\node_modules\\mongoose\\lib\\connection.js:1165:11)\n    at NativeConnection.openUri (D:\\Gamehaven-Nodejs\\gamehaven-api\\node_modules\\mongoose\\lib\\connection.js:1096:11)\n    at async connectDB (D:\\Gamehaven-Nodejs\\gamehaven-api\\src\\config\\db.js:8:5)","timestamp":"2025-06-13T03:17:27.703Z"}
{"level":"info","message":"MongoDB connected to mongodb://localhost:27017/gamehaven","timestamp":"2025-06-13T03:18:48.600Z"}
{"level":"info","message":"MongoDB connected to mongodb://localhost:27017/gamehaven","timestamp":"2025-06-13T04:51:18.195Z"}
{"level":"info","message":"MongoDB connected to mongodb://localhost:27017/gamehaven","timestamp":"2025-06-13T05:27:27.320Z"}
{"level":"info","message":"MongoDB connected to mongodb://localhost:27017/gamehaven","timestamp":"2025-06-13T05:29:37.974Z"}
{"level":"info","message":"MongoDB connected to mongodb://localhost:27017/gamehaven","timestamp":"2025-06-13T05:30:31.753Z"}
{"level":"info","message":"MongoDB connected to mongodb://localhost:27017/gamehaven","timestamp":"2025-06-13T05:30:37.691Z"}
{"level":"info","message":"MongoDB connected to mongodb://localhost:27017/gamehaven","timestamp":"2025-06-13T05:31:14.892Z"}
{"level":"info","message":"MongoDB connected to mongodb://localhost:27017/gamehaven","timestamp":"2025-06-13T05:32:36.549Z"}
{"level":"info","message":"MongoDB connected to mongodb://localhost:27017/gamehaven","timestamp":"2025-06-13T05:32:54.589Z"}
{"level":"info","message":"MongoDB connected to mongodb://localhost:27017/gamehaven","timestamp":"2025-06-13T05:32:56.134Z"}
{"level":"info","message":"MongoDB connected to mongodb://localhost:27017/gamehaven","timestamp":"2025-06-13T05:34:41.258Z"}
{"level":"info","message":"MongoDB connected to mongodb://localhost:27017/gamehaven","timestamp":"2025-06-13T05:35:13.072Z"}
{"level":"info","message":"MongoDB connected to mongodb://localhost:27017/gamehaven","timestamp":"2025-06-13T05:36:47.927Z"}
{"level":"info","message":"MongoDB connected to mongodb://localhost:27017/gamehaven_test","timestamp":"2025-06-13T05:38:03.442Z"}
{"level":"info","message":"MongoDB connected to mongodb://localhost:27017/gamehaven_test","timestamp":"2025-06-13T05:38:03.485Z"}
{"level":"info","message":"MongoDB disconnected","timestamp":"2025-06-13T05:38:04.925Z"}
{"level":"info","message":"MongoDB connected to mongodb://localhost:27017/gamehaven_test","timestamp":"2025-06-13T05:38:05.426Z"}
{"level":"info","message":"MongoDB connected to mongodb://localhost:27017/gamehaven_test","timestamp":"2025-06-13T05:38:05.435Z"}
{"level":"info","message":"MongoDB disconnected","timestamp":"2025-06-13T05:38:05.503Z"}
{"level":"info","message":"MongoDB connected to mongodb://localhost:27017/gamehaven_test","timestamp":"2025-06-13T05:41:12.539Z"}
{"level":"info","message":"MongoDB connected to mongodb://localhost:27017/gamehaven_test","timestamp":"2025-06-13T05:41:12.605Z"}
{"level":"info","message":"MongoDB disconnected","timestamp":"2025-06-13T05:41:12.959Z"}
{"level":"info","message":"MongoDB connected to mongodb://localhost:27017/gamehaven_test","timestamp":"2025-06-13T05:41:13.844Z"}
{"level":"info","message":"MongoDB connected to mongodb://localhost:27017/gamehaven_test","timestamp":"2025-06-13T05:41:13.851Z"}
{"level":"info","message":"MongoDB disconnected","timestamp":"2025-06-13T05:41:13.907Z"}
{"level":"info","message":"MongoDB connected to mongodb://localhost:27017/gamehaven_test","timestamp":"2025-06-13T05:43:06.941Z"}
{"level":"info","message":"MongoDB connected to mongodb://localhost:27017/gamehaven_test","timestamp":"2025-06-13T05:43:06.975Z"}
{"level":"info","message":"MongoDB disconnected","timestamp":"2025-06-13T05:43:08.602Z"}
{"level":"info","message":"MongoDB connected to mongodb://localhost:27017/gamehaven_test","timestamp":"2025-06-13T05:43:09.060Z"}
{"level":"info","message":"MongoDB connected to mongodb://localhost:27017/gamehaven_test","timestamp":"2025-06-13T05:43:09.073Z"}
{"level":"info","message":"MongoDB disconnected","timestamp":"2025-06-13T05:43:09.097Z"}
{"level":"info","message":"MongoDB connected to mongodb://localhost:27017/gamehaven_test","timestamp":"2025-06-13T05:48:48.042Z"}
{"level":"info","message":"MongoDB connected to mongodb://localhost:27017/gamehaven_test","timestamp":"2025-06-13T05:48:48.101Z"}
{"level":"info","message":"MongoDB disconnected","timestamp":"2025-06-13T05:48:48.852Z"}
{"level":"info","message":"MongoDB connected to mongodb://localhost:27017/gamehaven_test","timestamp":"2025-06-13T05:48:49.539Z"}
{"level":"info","message":"MongoDB connected to mongodb://localhost:27017/gamehaven_test","timestamp":"2025-06-13T05:48:49.547Z"}
{"level":"info","message":"MongoDB disconnected","timestamp":"2025-06-13T05:48:49.892Z"}
{"level":"info","message":"MongoDB connected to mongodb://localhost:27017/gamehaven_test","timestamp":"2025-06-13T05:49:42.235Z"}
{"level":"info","message":"MongoDB connected to mongodb://localhost:27017/gamehaven_test","timestamp":"2025-06-13T05:49:42.327Z"}
{"level":"info","message":"MongoDB disconnected","timestamp":"2025-06-13T05:49:43.696Z"}
{"level":"info","message":"MongoDB connected to mongodb://localhost:27017/gamehaven_test","timestamp":"2025-06-13T05:49:44.167Z"}
{"level":"info","message":"MongoDB connected to mongodb://localhost:27017/gamehaven_test","timestamp":"2025-06-13T05:49:44.202Z"}
{"level":"info","message":"MongoDB disconnected","timestamp":"2025-06-13T05:49:44.613Z"}
{"level":"info","message":"MongoDB connected to mongodb://localhost:27017/gamehaven_test","timestamp":"2025-06-13T05:59:59.626Z"}
{"level":"info","message":"MongoDB connected to mongodb://localhost:27017/gamehaven_test","timestamp":"2025-06-13T05:59:59.801Z"}
{"level":"info","message":"MongoDB disconnected","timestamp":"2025-06-13T06:00:01.176Z"}
{"level":"info","message":"MongoDB connected to mongodb://localhost:27017/gamehaven_test","timestamp":"2025-06-13T06:00:01.992Z"}
{"level":"info","message":"MongoDB connected to mongodb://localhost:27017/gamehaven_test","timestamp":"2025-06-13T06:00:02.013Z"}
{"level":"info","message":"MongoDB disconnected","timestamp":"2025-06-13T06:00:02.425Z"}
{"level":"info","message":"MongoDB connected to mongodb://localhost:27017/gamehaven_test","timestamp":"2025-06-13T06:07:38.622Z"}
{"level":"info","message":"MongoDB connected to mongodb://localhost:27017/gamehaven_test","timestamp":"2025-06-13T06:07:38.723Z"}
{"level":"info","message":"MongoDB disconnected","timestamp":"2025-06-13T06:07:39.305Z"}
{"level":"info","message":"MongoDB connected to mongodb://localhost:27017/gamehaven_test","timestamp":"2025-06-13T06:07:39.736Z"}
{"level":"info","message":"MongoDB connected to mongodb://localhost:27017/gamehaven_test","timestamp":"2025-06-13T06:07:39.757Z"}
{"level":"info","message":"MongoDB disconnected","timestamp":"2025-06-13T06:07:40.364Z"}
{"level":"info","message":"MongoDB connected to mongodb://localhost:27017/gamehaven_test","timestamp":"2025-06-13T06:07:40.862Z"}
{"level":"info","message":"MongoDB connected to mongodb://localhost:27017/gamehaven_test","timestamp":"2025-06-13T06:07:40.882Z"}
{"level":"info","message":"MongoDB disconnected","timestamp":"2025-06-13T06:07:41.341Z"}
{"level":"info","message":"MongoDB connected to mongodb://localhost:27017/gamehaven_test","timestamp":"2025-06-13T06:07:41.769Z"}
{"level":"info","message":"MongoDB connected to mongodb://localhost:27017/gamehaven_test","timestamp":"2025-06-13T06:07:41.789Z"}
{"level":"info","message":"MongoDB disconnected","timestamp":"2025-06-13T06:07:42.153Z"}
{"level":"info","message":"MongoDB connected to mongodb://localhost:27017/gamehaven_test","timestamp":"2025-06-13T06:14:45.980Z"}
{"level":"info","message":"MongoDB connected to mongodb://localhost:27017/gamehaven_test","timestamp":"2025-06-13T06:14:46.084Z"}
{"level":"info","message":"MongoDB connected to mongodb://localhost:27017/gamehaven_test","timestamp":"2025-06-13T06:14:47.082Z"}
{"level":"info","message":"MongoDB connected to mongodb://localhost:27017/gamehaven_test","timestamp":"2025-06-13T06:14:47.110Z"}
{"level":"info","message":"MongoDB connected to mongodb://localhost:27017/gamehaven_test","timestamp":"2025-06-13T06:14:47.953Z"}
{"level":"info","message":"MongoDB connected to mongodb://localhost:27017/gamehaven_test","timestamp":"2025-06-13T06:14:47.974Z"}
{"level":"info","message":"MongoDB disconnected","timestamp":"2025-06-13T06:14:48.230Z"}
{"level":"info","message":"MongoDB connected to mongodb://localhost:27017/gamehaven_test","timestamp":"2025-06-13T06:14:48.593Z"}
{"level":"info","message":"MongoDB connected to mongodb://localhost:27017/gamehaven_test","timestamp":"2025-06-13T06:14:48.617Z"}
{"level":"info","message":"MongoDB disconnected","timestamp":"2025-06-13T06:14:48.931Z"}
{"level":"info","message":"MongoDB connected to mongodb://localhost:27017/gamehaven_test","timestamp":"2025-06-13T06:15:21.887Z"}
{"level":"info","message":"MongoDB connected to mongodb://localhost:27017/gamehaven_test","timestamp":"2025-06-13T06:15:21.940Z"}
{"level":"info","message":"MongoDB connected to mongodb://localhost:27017/gamehaven_test","timestamp":"2025-06-13T06:15:23.089Z"}
{"level":"info","message":"MongoDB connected to mongodb://localhost:27017/gamehaven_test","timestamp":"2025-06-13T06:15:23.098Z"}
{"level":"info","message":"MongoDB connected to mongodb://localhost:27017/gamehaven_test","timestamp":"2025-06-13T06:15:23.926Z"}
{"level":"info","message":"MongoDB connected to mongodb://localhost:27017/gamehaven_test","timestamp":"2025-06-13T06:15:23.935Z"}
{"level":"info","message":"MongoDB disconnected","timestamp":"2025-06-13T06:15:24.198Z"}
{"level":"info","message":"MongoDB connected to mongodb://localhost:27017/gamehaven_test","timestamp":"2025-06-13T06:15:24.566Z"}
{"level":"info","message":"MongoDB connected to mongodb://localhost:27017/gamehaven_test","timestamp":"2025-06-13T06:15:24.591Z"}
{"level":"info","message":"MongoDB disconnected","timestamp":"2025-06-13T06:15:24.936Z"}
{"level":"info","message":"MongoDB connected to mongodb://localhost:27017/gamehaven_test","timestamp":"2025-06-13T06:22:18.394Z"}
{"level":"info","message":"MongoDB connected to mongodb://localhost:27017/gamehaven_test","timestamp":"2025-06-13T06:22:18.427Z"}
{"level":"info","message":"MongoDB disconnected","timestamp":"2025-06-13T06:22:20.002Z"}
{"level":"info","message":"MongoDB connected to mongodb://localhost:27017/gamehaven_test","timestamp":"2025-06-13T06:22:50.947Z"}
{"level":"info","message":"MongoDB connected to mongodb://localhost:27017/gamehaven_test","timestamp":"2025-06-13T06:22:50.981Z"}
{"level":"info","message":"MongoDB disconnected","timestamp":"2025-06-13T06:22:51.480Z"}
{"level":"info","message":"MongoDB connected to mongodb://localhost:27017/gamehaven_test","timestamp":"2025-06-13T06:23:41.240Z"}
{"level":"info","message":"MongoDB connected to mongodb://localhost:27017/gamehaven_test","timestamp":"2025-06-13T06:23:41.278Z"}
{"level":"info","message":"MongoDB disconnected","timestamp":"2025-06-13T06:23:41.714Z"}
{"level":"info","message":"MongoDB connected to mongodb://localhost:27017/gamehaven_test","timestamp":"2025-06-13T06:25:21.899Z"}
{"level":"info","message":"MongoDB connected to mongodb://localhost:27017/gamehaven_test","timestamp":"2025-06-13T06:25:22.103Z"}
{"level":"info","message":"MongoDB disconnected","timestamp":"2025-06-13T06:25:22.557Z"}
{"level":"info","message":"MongoDB connected to mongodb://localhost:27017/gamehaven_test","timestamp":"2025-06-13T06:27:49.101Z"}
{"level":"info","message":"MongoDB connected to mongodb://localhost:27017/gamehaven_test","timestamp":"2025-06-13T06:27:49.133Z"}
{"level":"info","message":"MongoDB disconnected","timestamp":"2025-06-13T06:27:49.564Z"}
{"level":"info","message":"MongoDB connected to mongodb://localhost:27017/gamehaven_test","timestamp":"2025-06-13T06:31:47.168Z"}
{"level":"info","message":"MongoDB connected to mongodb://localhost:27017/gamehaven_test","timestamp":"2025-06-13T06:31:47.204Z"}
{"level":"info","message":"MongoDB disconnected","timestamp":"2025-06-13T06:31:47.532Z"}
{"level":"info","message":"MongoDB connected to mongodb://localhost:27017/gamehaven_test","timestamp":"2025-06-13T06:32:22.037Z"}
{"level":"info","message":"MongoDB connected to mongodb://localhost:27017/gamehaven_test","timestamp":"2025-06-13T06:32:22.075Z"}
{"level":"info","message":"MongoDB disconnected","timestamp":"2025-06-13T06:32:22.320Z"}
{"level":"info","message":"MongoDB connected to mongodb://localhost:27017/gamehaven_test","timestamp":"2025-06-13T06:32:34.653Z"}
{"level":"info","message":"MongoDB connected to mongodb://localhost:27017/gamehaven_test","timestamp":"2025-06-13T06:32:34.692Z"}
{"level":"info","message":"MongoDB disconnected","timestamp":"2025-06-13T06:32:35.729Z"}
{"level":"info","message":"MongoDB connected to mongodb://localhost:27017/gamehaven_test","timestamp":"2025-06-13T06:33:22.338Z"}
{"level":"info","message":"MongoDB connected to mongodb://localhost:27017/gamehaven_test","timestamp":"2025-06-13T06:33:22.371Z"}
{"level":"info","message":"MongoDB disconnected","timestamp":"2025-06-13T06:33:22.731Z"}
{"level":"info","message":"MongoDB connected to mongodb://localhost:27017/gamehaven_test","timestamp":"2025-06-13T06:33:45.968Z"}
{"level":"info","message":"MongoDB connected to mongodb://localhost:27017/gamehaven_test","timestamp":"2025-06-13T06:33:46.005Z"}
{"level":"info","message":"MongoDB disconnected","timestamp":"2025-06-13T06:33:46.320Z"}
{"level":"info","message":"MongoDB connected to mongodb://localhost:27017/gamehaven_test","timestamp":"2025-06-13T06:33:46.749Z"}
{"level":"info","message":"MongoDB connected to mongodb://localhost:27017/gamehaven_test","timestamp":"2025-06-13T06:33:46.763Z"}
{"level":"info","message":"MongoDB disconnected","timestamp":"2025-06-13T06:33:46.953Z"}
{"level":"info","message":"MongoDB connected to mongodb://localhost:27017/gamehaven_test","timestamp":"2025-06-13T06:33:47.362Z"}
{"level":"info","message":"MongoDB connected to mongodb://localhost:27017/gamehaven_test","timestamp":"2025-06-13T06:33:47.371Z"}
{"level":"info","message":"MongoDB disconnected","timestamp":"2025-06-13T06:33:47.756Z"}
{"level":"info","message":"MongoDB connected to mongodb://localhost:27017/gamehaven_test","timestamp":"2025-06-13T06:33:48.112Z"}
{"level":"info","message":"MongoDB connected to mongodb://localhost:27017/gamehaven_test","timestamp":"2025-06-13T06:33:48.121Z"}
{"level":"info","message":"MongoDB disconnected","timestamp":"2025-06-13T06:33:48.409Z"}
{"level":"info","message":"MongoDB connected to mongodb://localhost:27017/gamehaven_test","timestamp":"2025-06-13T06:38:01.006Z"}
{"level":"info","message":"MongoDB connected to mongodb://localhost:27017/gamehaven_test","timestamp":"2025-06-13T06:38:01.043Z"}
{"level":"info","message":"MongoDB disconnected","timestamp":"2025-06-13T06:38:01.395Z"}
{"level":"info","message":"MongoDB connected to mongodb://localhost:27017/gamehaven_test","timestamp":"2025-06-13T06:56:39.852Z"}
{"level":"info","message":"MongoDB connected to mongodb://localhost:27017/gamehaven_test","timestamp":"2025-06-13T06:56:39.902Z"}
{"level":"info","message":"MongoDB disconnected","timestamp":"2025-06-13T06:56:40.872Z"}
{"level":"info","message":"MongoDB connected to mongodb://localhost:27017/gamehaven_test","timestamp":"2025-06-13T06:56:59.869Z"}
{"level":"info","message":"MongoDB connected to mongodb://localhost:27017/gamehaven_test","timestamp":"2025-06-13T06:56:59.912Z"}
{"level":"info","message":"MongoDB disconnected","timestamp":"2025-06-13T06:57:00.521Z"}
{"level":"info","message":"MongoDB connected to mongodb://localhost:27017/gamehaven_test","timestamp":"2025-06-13T06:59:28.781Z"}
{"level":"info","message":"MongoDB connected to mongodb://localhost:27017/gamehaven_test","timestamp":"2025-06-13T06:59:28.817Z"}
{"level":"info","message":"MongoDB disconnected","timestamp":"2025-06-13T06:59:29.836Z"}
{"level":"info","message":"MongoDB connected to mongodb://localhost:27017/gamehaven_test","timestamp":"2025-06-13T07:02:15.263Z"}
{"level":"info","message":"MongoDB connected to mongodb://localhost:27017/gamehaven_test","timestamp":"2025-06-13T07:02:15.302Z"}
{"level":"info","message":"MongoDB disconnected","timestamp":"2025-06-13T07:02:15.632Z"}
{"level":"info","message":"MongoDB connected to mongodb://localhost:27017/gamehaven_test","timestamp":"2025-06-13T07:02:16.021Z"}
{"level":"info","message":"MongoDB connected to mongodb://localhost:27017/gamehaven_test","timestamp":"2025-06-13T07:02:16.040Z"}
{"level":"info","message":"MongoDB disconnected","timestamp":"2025-06-13T07:02:17.286Z"}
{"level":"info","message":"MongoDB connected to mongodb://localhost:27017/gamehaven_test","timestamp":"2025-06-13T07:02:19.376Z"}
{"level":"info","message":"MongoDB connected to mongodb://localhost:27017/gamehaven_test","timestamp":"2025-06-13T07:02:20.113Z"}
{"level":"info","message":"MongoDB disconnected","timestamp":"2025-06-13T07:02:20.800Z"}
{"level":"info","message":"MongoDB connected to mongodb://localhost:27017/gamehaven_test","timestamp":"2025-06-13T07:02:23.172Z"}
{"level":"info","message":"MongoDB connected to mongodb://localhost:27017/gamehaven_test","timestamp":"2025-06-13T07:02:23.183Z"}
{"level":"info","message":"MongoDB disconnected","timestamp":"2025-06-13T07:02:23.781Z"}
